 ErrorResults 
  stamp : 2025-11-29T12:17:14Z
  target_type : Ring_red
  model_name : Ring_red
  pose : 
       - position : [-10.0086 , 18.9726 , 2.97089]
       - orientation : [0.707107 , 0.707107 , 2.28404e-09 , -2.2818e-09]
  RingCirclePositionError : 7.79595
  position_error : 0.0408813
  orientation_error : 0
  found_in_gazebo : 1

 ErrorResults 
  stamp : 2025-11-29T12:17:14Z
  target_type : Ring_red
  model_name : Ring_red
  pose : 
       - position : [-6.40548 , 12.1425 , 1.90137]
       - orientation : [0.707107 , 0.707107 , 2.28404e-09 , -2.2818e-09]
  RingCirclePositionError : 0
  position_error : 0.0408813
  orientation_error : 2.98023e-08
  found_in_gazebo : 1

 ErrorResults 
  stamp : 2025-11-29T12:17:17Z
  target_type : Ring_red
  model_name : Ring_red
  pose : 
       - position : [-10.0086 , 18.9726 , 2.97089]
       - orientation : [0.707107 , 0.707107 , 2.28404e-09 , -2.2818e-09]
  RingCirclePositionError : 7.79595
  position_error : 0.0408813
  orientation_error : 0
  found_in_gazebo : 1

 ErrorResults 
  stamp : 2025-11-29T12:17:17Z
  target_type : Ring_red
  model_name : Ring_red
  pose : 
       - position : [-6.40548 , 12.1425 , 1.90137]
       - orientation : [0.707107 , 0.707107 , 2.28404e-09 , -2.2818e-09]
  RingCirclePositionError : 0
  position_error : 0.0408813
  orientation_error : 2.98023e-08
  found_in_gazebo : 1

 ErrorResults 
  stamp : 2025-11-29T12:17:18Z
  target_type : Ring_red
  model_name : Ring_red
  pose : 
       - position : [-10.0086 , 18.9726 , 2.97089]
       - orientation : [0.707107 , 0.707107 , 2.28404e-09 , -2.2818e-09]
  RingCirclePositionError : 7.79595
  position_error : 0.0408813
  orientation_error : 0
  found_in_gazebo : 1

 ErrorResults 
  stamp : 2025-11-29T12:17:18Z
  target_type : Ring_red
  model_name : Ring_red
  pose : 
       - position : [-6.40548 , 12.1425 , 1.90137]
       - orientation : [0.707107 , 0.707107 , 2.28404e-09 , -2.2818e-09]
  RingCirclePositionError : 0
  position_error : 0.0408813
  orientation_error : 2.98023e-08
  found_in_gazebo : 1

 ErrorResults 
  stamp : 2025-11-29T12:17:19Z
  target_type : Ring_red
  model_name : Ring_red
  pose : 
       - position : [-10.0086 , 18.9726 , 2.97089]
       - orientation : [0.707107 , 0.707107 , 2.28404e-09 , -2.2818e-09]
  RingCirclePositionError : 7.79595
  position_error : 0.0408813
  orientation_error : 0
  found_in_gazebo : 1

 ErrorResults 
  stamp : 2025-11-29T12:17:19Z
  target_type : Ring_red
  model_name : Ring_red
  pose : 
       - position : [-6.40548 , 12.1425 , 1.90137]
       - orientation : [0.707107 , 0.707107 , 2.28404e-09 , -2.2818e-09]
  RingCirclePositionError : 0
  position_error : 0.0408813
  orientation_error : 2.98023e-08
  found_in_gazebo : 1

 ErrorResults 
  stamp : 2025-11-29T12:17:20Z
  target_type : Ring_red
  model_name : Ring_red
  pose : 
       - position : [-10.0086 , 18.9726 , 2.97089]
       - orientation : [0.707107 , 0.707107 , 2.28404e-09 , -2.2818e-09]
  RingCirclePositionError : 7.79595
  position_error : 0.0408813
  orientation_error : 0
  found_in_gazebo : 1

 ErrorResults 
  stamp : 2025-11-29T12:17:20Z
  target_type : Ring_red
  model_name : Ring_red
  pose : 
       - position : [-6.40548 , 12.1425 , 1.90137]
       - orientation : [0.707107 , 0.707107 , 2.28404e-09 , -2.2818e-09]
  RingCirclePositionError : 0
  position_error : 0.0408813
  orientation_error : 2.98023e-08
  found_in_gazebo : 1

 ErrorResults 
  stamp : 2025-11-29T12:17:21Z
  target_type : Ring_red
  model_name : Ring_red
  pose : 
       - position : [-10.0086 , 18.9726 , 2.97089]
       - orientation : [0.707107 , 0.707107 , 2.28404e-09 , -2.2818e-09]
  RingCirclePositionError : 7.79595
  position_error : 0.0408813
  orientation_error : 0
  found_in_gazebo : 1

 ErrorResults 
  stamp : 2025-11-29T12:17:21Z
  target_type : Ring_red
  model_name : Ring_red
  pose : 
       - position : [-6.40548 , 12.1425 , 1.90137]
       - orientation : [0.707107 , 0.707107 , 2.28404e-09 , -2.2818e-09]
  RingCirclePositionError : 0
  position_error : 0.0408813
  orientation_error : 2.98023e-08
  found_in_gazebo : 1

 ErrorResults 
  stamp : 2025-11-29T12:17:21Z
  target_type : Ring_red
  model_name : Ring_red
  pose : 
       - position : [-10.0086 , 18.9726 , 2.97089]
       - orientation : [0.707107 , 0.707107 , 2.28404e-09 , -2.2818e-09]
  RingCirclePositionError : 7.79595
  position_error : 0.0408813
  orientation_error : 0
  found_in_gazebo : 1

 ErrorResults 
  stamp : 2025-11-29T12:17:21Z
  target_type : Ring_red
  model_name : Ring_red
  pose : 
       - position : [-6.40548 , 12.1425 , 1.90137]
       - orientation : [0.707107 , 0.707107 , 2.28404e-09 , -2.2818e-09]
  RingCirclePositionError : 0
  position_error : 0.0408813
  orientation_error : 2.98023e-08
  found_in_gazebo : 1

 ErrorResults 
  stamp : 2025-11-29T12:17:22Z
  target_type : Ring_red
  model_name : Ring_red
  pose : 
       - position : [-10.0086 , 18.9726 , 2.97089]
       - orientation : [0.707107 , 0.707107 , 2.28404e-09 , -2.2818e-09]
  RingCirclePositionError : 7.79595
  position_error : 0.0408813
  orientation_error : 0
  found_in_gazebo : 1

 ErrorResults 
  stamp : 2025-11-29T12:17:22Z
  target_type : Ring_red
  model_name : Ring_red
  pose : 
       - position : [-6.40548 , 12.1425 , 1.90137]
       - orientation : [0.707107 , 0.707107 , 2.28404e-09 , -2.2818e-09]
  RingCirclePositionError : 0
  position_error : 0.0408813
  orientation_error : 2.98023e-08
  found_in_gazebo : 1

 ErrorResults 
  stamp : 2025-11-29T12:17:22Z
  target_type : Ring_red
  model_name : Ring_red
  pose : 
       - position : [-10.0086 , 18.9726 , 2.97089]
       - orientation : [0.707107 , 0.707107 , 2.28404e-09 , -2.2818e-09]
  RingCirclePositionError : 7.79595
  position_error : 0.0408813
  orientation_error : 0
  found_in_gazebo : 1

 ErrorResults 
  stamp : 2025-11-29T12:17:22Z
  target_type : Ring_red
  model_name : Ring_red
  pose : 
       - position : [-6.40548 , 12.1425 , 1.90137]
       - orientation : [0.707107 , 0.707107 , 2.28404e-09 , -2.2818e-09]
  RingCirclePositionError : 0
  position_error : 0.0408813
  orientation_error : 2.98023e-08
  found_in_gazebo : 1

 ErrorResults 
  stamp : 2025-11-29T12:17:22Z
  target_type : Ring_red
  model_name : Ring_red
  pose : 
       - position : [-10.0086 , 18.9726 , 2.97089]
       - orientation : [0.707107 , 0.707107 , 2.28404e-09 , -2.2818e-09]
  RingCirclePositionError : 7.79595
  position_error : 0.0408813
  orientation_error : 0
  found_in_gazebo : 1

 ErrorResults 
  stamp : 2025-11-29T12:17:22Z
  target_type : Ring_red
  model_name : Ring_red
  pose : 
       - position : [-6.40548 , 12.1425 , 1.90137]
       - orientation : [0.707107 , 0.707107 , 2.28404e-09 , -2.2818e-09]
  RingCirclePositionError : 0
  position_error : 0.0408813
  orientation_error : 2.98023e-08
  found_in_gazebo : 1

 ErrorResults 
  stamp : 2025-11-29T12:17:23Z
  target_type : Ring_red
  model_name : Ring_red
  pose : 
       - position : [-10.0086 , 18.9726 , 2.97089]
       - orientation : [0.707107 , 0.707107 , 2.28404e-09 , -2.2818e-09]
  RingCirclePositionError : 7.79595
  position_error : 0.0408813
  orientation_error : 0
  found_in_gazebo : 1

 ErrorResults 
  stamp : 2025-11-29T12:17:23Z
  target_type : Ring_red
  model_name : Ring_red
  pose : 
       - position : [-6.40548 , 12.1425 , 1.90137]
       - orientation : [0.707107 , 0.707107 , 2.28404e-09 , -2.2818e-09]
  RingCirclePositionError : 0
  position_error : 0.0408813
  orientation_error : 2.98023e-08
  found_in_gazebo : 1

 ErrorResults 
  stamp : 2025-11-29T12:17:23Z
  target_type : Ring_red
  model_name : Ring_red
  pose : 
       - position : [-10.0086 , 18.9726 , 2.97089]
       - orientation : [0.707107 , 0.707107 , 2.28404e-09 , -2.2818e-09]
  RingCirclePositionError : 7.79595
  position_error : 0.0408813
  orientation_error : 0
  found_in_gazebo : 1

 ErrorResults 
  stamp : 2025-11-29T12:17:23Z
  target_type : Ring_red
  model_name : Ring_red
  pose : 
       - position : [-6.40548 , 12.1425 , 1.90137]
       - orientation : [0.707107 , 0.707107 , 2.28404e-09 , -2.2818e-09]
  RingCirclePositionError : 0
  position_error : 0.0408813
  orientation_error : 2.98023e-08
  found_in_gazebo : 1

 ErrorResults 
  stamp : 2025-11-29T12:17:24Z
  target_type : Ring_red
  model_name : Ring_red
  pose : 
       - position : [-10.0086 , 18.9726 , 2.97089]
       - orientation : [0.707107 , 0.707107 , 2.28404e-09 , -2.2818e-09]
  RingCirclePositionError : 7.79595
  position_error : 0.0408813
  orientation_error : 0
  found_in_gazebo : 1

 ErrorResults 
  stamp : 2025-11-29T12:17:24Z
  target_type : Ring_red
  model_name : Ring_red
  pose : 
       - position : [-6.40548 , 12.1425 , 1.90137]
       - orientation : [0.707107 , 0.707107 , 2.28404e-09 , -2.2818e-09]
  RingCirclePositionError : 0
  position_error : 0.0408813
  orientation_error : 2.98023e-08
  found_in_gazebo : 1

 ErrorResults 
  stamp : 2025-11-29T12:17:24Z
  target_type : Ring_red
  model_name : Ring_red
  pose : 
       - position : [-10.0086 , 18.9726 , 2.97089]
       - orientation : [0.707107 , 0.707107 , 2.28404e-09 , -2.2818e-09]
  RingCirclePositionError : 7.79595
  position_error : 0.0408813
  orientation_error : 0
  found_in_gazebo : 1

 ErrorResults 
  stamp : 2025-11-29T12:17:24Z
  target_type : Ring_red
  model_name : Ring_red
  pose : 
       - position : [-6.40548 , 12.1425 , 1.90137]
       - orientation : [0.707107 , 0.707107 , 2.28404e-09 , -2.2818e-09]
  RingCirclePositionError : 0
  position_error : 0.0408813
  orientation_error : 2.98023e-08
  found_in_gazebo : 1

 ErrorResults 
  stamp : 2025-11-29T12:17:25Z
  target_type : Ring_red
  model_name : Ring_red
  pose : 
       - position : [-10.0086 , 18.9726 , 2.97089]
       - orientation : [0.707107 , 0.707107 , 2.28404e-09 , -2.2818e-09]
  RingCirclePositionError : 7.79595
  position_error : 0.0408813
  orientation_error : 0
  found_in_gazebo : 1

 ErrorResults 
  stamp : 2025-11-29T12:17:25Z
  target_type : Ring_red
  model_name : Ring_red
  pose : 
       - position : [-6.40548 , 12.1425 , 1.90137]
       - orientation : [0.707107 , 0.707107 , 2.28404e-09 , -2.2818e-09]
  RingCirclePositionError : 0
  position_error : 0.0408813
  orientation_error : 2.98023e-08
  found_in_gazebo : 1

 ErrorResults 
  stamp : 2025-11-29T12:17:25Z
  target_type : Ring_red
  model_name : Ring_red
  pose : 
       - position : [-10.0086 , 18.9726 , 2.97089]
       - orientation : [0.707107 , 0.707107 , 2.28404e-09 , -2.2818e-09]
  RingCirclePositionError : 7.79595
  position_error : 0.0408813
  orientation_error : 0
  found_in_gazebo : 1

 ErrorResults 
  stamp : 2025-11-29T12:17:25Z
  target_type : Ring_red
  model_name : Ring_red
  pose : 
       - position : [-6.40548 , 12.1425 , 1.90137]
       - orientation : [0.707107 , 0.707107 , 2.28404e-09 , -2.2818e-09]
  RingCirclePositionError : 0
  position_error : 0.0408813
  orientation_error : 2.98023e-08
  found_in_gazebo : 1

 ErrorResults 
  stamp : 2025-11-29T12:17:26Z
  target_type : Ring_red
  model_name : Ring_red
  pose : 
       - position : [-10.0086 , 18.9726 , 2.97089]
       - orientation : [0.707107 , 0.707107 , 2.28404e-09 , -2.2818e-09]
  RingCirclePositionError : 7.79595
  position_error : 0.0408813
  orientation_error : 0
  found_in_gazebo : 1

 ErrorResults 
  stamp : 2025-11-29T12:17:26Z
  target_type : Ring_red
  model_name : Ring_red
  pose : 
       - position : [-6.40548 , 12.1425 , 1.90137]
       - orientation : [0.707107 , 0.707107 , 2.28404e-09 , -2.2818e-09]
  RingCirclePositionError : 0
  position_error : 0.0408813
  orientation_error : 2.98023e-08
  found_in_gazebo : 1

 ErrorResults 
  stamp : 2025-11-29T12:17:26Z
  target_type : Ring_red
  model_name : Ring_red
  pose : 
       - position : [-10.0086 , 18.9726 , 2.97089]
       - orientation : [0.707107 , 0.707107 , 2.28404e-09 , -2.2818e-09]
  RingCirclePositionError : 7.79595
  position_error : 0.0408813
  orientation_error : 0
  found_in_gazebo : 1

 ErrorResults 
  stamp : 2025-11-29T12:17:26Z
  target_type : Ring_red
  model_name : Ring_red
  pose : 
       - position : [-6.40548 , 12.1425 , 1.90137]
       - orientation : [0.707107 , 0.707107 , 2.28404e-09 , -2.2818e-09]
  RingCirclePositionError : 0
  position_error : 0.0408813
  orientation_error : 2.98023e-08
  found_in_gazebo : 1

 ErrorResults 
  stamp : 2025-11-29T12:17:27Z
  target_type : Ring_red
  model_name : Ring_red
  pose : 
       - position : [-10.0086 , 18.9726 , 2.97089]
       - orientation : [0.707107 , 0.707107 , 2.28404e-09 , -2.2818e-09]
  RingCirclePositionError : 7.79595
  position_error : 0.0408813
  orientation_error : 0
  found_in_gazebo : 1

 ErrorResults 
  stamp : 2025-11-29T12:17:27Z
  target_type : Ring_red
  model_name : Ring_red
  pose : 
       - position : [-6.40548 , 12.1425 , 1.90137]
       - orientation : [0.707107 , 0.707107 , 2.28404e-09 , -2.2818e-09]
  RingCirclePositionError : 0
  position_error : 0.0408813
  orientation_error : 2.98023e-08
  found_in_gazebo : 1

 ErrorResults 
  stamp : 2025-11-29T12:17:27Z
  target_type : Ring_red
  model_name : Ring_red
  pose : 
       - position : [-10.0086 , 18.9726 , 2.97089]
       - orientation : [0.707107 , 0.707107 , 2.28404e-09 , -2.2818e-09]
  RingCirclePositionError : 7.79595
  position_error : 0.0408813
  orientation_error : 0
  found_in_gazebo : 1

 ErrorResults 
  stamp : 2025-11-29T12:17:27Z
  target_type : Ring_red
  model_name : Ring_red
  pose : 
       - position : [-6.40548 , 12.1425 , 1.90137]
       - orientation : [0.707107 , 0.707107 , 2.28404e-09 , -2.2818e-09]
  RingCirclePositionError : 0
  position_error : 0.0408813
  orientation_error : 2.98023e-08
  found_in_gazebo : 1

 ErrorResults 
  stamp : 2025-11-29T12:17:28Z
  target_type : Ring_red
  model_name : Ring_red
  pose : 
       - position : [-10.0086 , 18.9726 , 2.97089]
       - orientation : [0.707107 , 0.707107 , 2.28404e-09 , -2.2818e-09]
  RingCirclePositionError : 7.79595
  position_error : 0.0408813
  orientation_error : 0
  found_in_gazebo : 1

 ErrorResults 
  stamp : 2025-11-29T12:17:28Z
  target_type : Ring_red
  model_name : Ring_red
  pose : 
       - position : [-6.40548 , 12.1425 , 1.90137]
       - orientation : [0.707107 , 0.707107 , 2.28404e-09 , -2.2818e-09]
  RingCirclePositionError : 0
  position_error : 0.0408813
  orientation_error : 2.98023e-08
  found_in_gazebo : 1

 ErrorResults 
  stamp : 2025-11-29T12:17:29Z
  target_type : Ring_red
  model_name : Ring_red
  pose : 
       - position : [-10.0086 , 18.9726 , 2.97089]
       - orientation : [0.707107 , 0.707107 , 2.28404e-09 , -2.2818e-09]
  RingCirclePositionError : 7.79595
  position_error : 0.0408813
  orientation_error : 0
  found_in_gazebo : 1

 ErrorResults 
  stamp : 2025-11-29T12:17:29Z
  target_type : Ring_red
  model_name : Ring_red
  pose : 
       - position : [-6.40548 , 12.1425 , 1.90137]
       - orientation : [0.707107 , 0.707107 , 2.28404e-09 , -2.2818e-09]
  RingCirclePositionError : 0
  position_error : 0.0408813
  orientation_error : 2.98023e-08
  found_in_gazebo : 1

 ErrorResults 
  stamp : 2025-11-29T12:17:29Z
  target_type : Ring_red
  model_name : Ring_red
  pose : 
       - position : [-10.0086 , 18.9726 , 2.97089]
       - orientation : [0.707107 , 0.707107 , 2.28404e-09 , -2.2818e-09]
  RingCirclePositionError : 7.79595
  position_error : 0.0408813
  orientation_error : 0
  found_in_gazebo : 1

 ErrorResults 
  stamp : 2025-11-29T12:17:29Z
  target_type : Ring_red
  model_name : Ring_red
  pose : 
       - position : [-6.40548 , 12.1425 , 1.90137]
       - orientation : [0.707107 , 0.707107 , 2.28404e-09 , -2.2818e-09]
  RingCirclePositionError : 0
  position_error : 0.0408813
  orientation_error : 2.98023e-08
  found_in_gazebo : 1

 ErrorResults 
  stamp : 2025-11-29T12:17:30Z
  target_type : Ring_red
  model_name : Ring_red
  pose : 
       - position : [-10.0086 , 18.9726 , 2.97089]
       - orientation : [0.707107 , 0.707107 , 2.28404e-09 , -2.2818e-09]
  RingCirclePositionError : 7.79595
  position_error : 0.0408813
  orientation_error : 0
  found_in_gazebo : 1

 ErrorResults 
  stamp : 2025-11-29T12:17:30Z
  target_type : Ring_red
  model_name : Ring_red
  pose : 
       - position : [-6.40548 , 12.1425 , 1.90137]
       - orientation : [0.707107 , 0.707107 , 2.28404e-09 , -2.2818e-09]
  RingCirclePositionError : 0
  position_error : 0.0408813
  orientation_error : 2.98023e-08
  found_in_gazebo : 1

 ErrorResults 
  stamp : 2025-11-29T12:17:30Z
  target_type : Ring_red
  model_name : Ring_red
  pose : 
       - position : [-10.0086 , 18.9726 , 2.97089]
       - orientation : [0.707107 , 0.707107 , 2.28404e-09 , -2.2818e-09]
  RingCirclePositionError : 7.79595
  position_error : 0.0408813
  orientation_error : 0
  found_in_gazebo : 1

 ErrorResults 
  stamp : 2025-11-29T12:17:30Z
  target_type : Ring_red
  model_name : Ring_red
  pose : 
       - position : [-6.40548 , 12.1425 , 1.90137]
       - orientation : [0.707107 , 0.707107 , 2.28404e-09 , -2.2818e-09]
  RingCirclePositionError : 0
  position_error : 0.0408813
  orientation_error : 2.98023e-08
  found_in_gazebo : 1

 ErrorResults 
  stamp : 2025-11-29T12:17:30Z
  target_type : Ring_red
  model_name : Ring_red
  pose : 
       - position : [-10.0086 , 18.9726 , 2.97089]
       - orientation : [0.707107 , 0.707107 , 2.28404e-09 , -2.2818e-09]
  RingCirclePositionError : 7.79595
  position_error : 0.0408813
  orientation_error : 0
  found_in_gazebo : 1

 ErrorResults 
  stamp : 2025-11-29T12:17:30Z
  target_type : Ring_red
  model_name : Ring_red
  pose : 
       - position : [-6.40548 , 12.1425 , 1.90137]
       - orientation : [0.707107 , 0.707107 , 2.28404e-09 , -2.2818e-09]
  RingCirclePositionError : 0
  position_error : 0.0408813
  orientation_error : 2.98023e-08
  found_in_gazebo : 1

 ErrorResults 
  stamp : 2025-11-29T12:17:31Z
  target_type : Ring_red
  model_name : Ring_red
  pose : 
       - position : [-10.0086 , 18.9726 , 2.97089]
       - orientation : [0.707107 , 0.707107 , 2.28404e-09 , -2.2818e-09]
  RingCirclePositionError : 7.79595
  position_error : 0.0408813
  orientation_error : 0
  found_in_gazebo : 1

 ErrorResults 
  stamp : 2025-11-29T12:17:31Z
  target_type : Ring_red
  model_name : Ring_red
  pose : 
       - position : [-6.40548 , 12.1425 , 1.90137]
       - orientation : [0.707107 , 0.707107 , 2.28404e-09 , -2.2818e-09]
  RingCirclePositionError : 0
  position_error : 0.0408813
  orientation_error : 2.98023e-08
  found_in_gazebo : 1

 ErrorResults 
  stamp : 2025-11-29T12:17:31Z
  target_type : Ring_red
  model_name : Ring_red
  pose : 
       - position : [-10.0086 , 18.9726 , 2.97089]
       - orientation : [0.707107 , 0.707107 , 2.28404e-09 , -2.2818e-09]
  RingCirclePositionError : 7.79595
  position_error : 0.0408813
  orientation_error : 0
  found_in_gazebo : 1

 ErrorResults 
  stamp : 2025-11-29T12:17:31Z
  target_type : Ring_red
  model_name : Ring_red
  pose : 
       - position : [-6.40548 , 12.1425 , 1.90137]
       - orientation : [0.707107 , 0.707107 , 2.28404e-09 , -2.2818e-09]
  RingCirclePositionError : 0
  position_error : 0.0408813
  orientation_error : 2.98023e-08
  found_in_gazebo : 1

 ErrorResults 
  stamp : 2025-11-29T12:17:32Z
  target_type : Ring_red
  model_name : Ring_red
  pose : 
       - position : [-10.0086 , 18.9726 , 2.97089]
       - orientation : [0.707107 , 0.707107 , 2.28404e-09 , -2.2818e-09]
  RingCirclePositionError : 7.79595
  position_error : 0.0408813
  orientation_error : 0
  found_in_gazebo : 1

 ErrorResults 
  stamp : 2025-11-29T12:17:32Z
  target_type : Ring_red
  model_name : Ring_red
  pose : 
       - position : [-6.40548 , 12.1425 , 1.90137]
       - orientation : [0.707107 , 0.707107 , 2.28404e-09 , -2.2818e-09]
  RingCirclePositionError : 0
  position_error : 0.0408813
  orientation_error : 2.98023e-08
  found_in_gazebo : 1

 ErrorResults 
  stamp : 2025-11-29T12:17:32Z
  target_type : Ring_red
  model_name : Ring_red
  pose : 
       - position : [-10.0086 , 18.9726 , 2.97089]
       - orientation : [0.707107 , 0.707107 , 2.28404e-09 , -2.2818e-09]
  RingCirclePositionError : 7.79595
  position_error : 0.0408813
  orientation_error : 0
  found_in_gazebo : 1

 ErrorResults 
  stamp : 2025-11-29T12:17:32Z
  target_type : Ring_red
  model_name : Ring_red
  pose : 
       - position : [-6.40548 , 12.1425 , 1.90137]
       - orientation : [0.707107 , 0.707107 , 2.28404e-09 , -2.2818e-09]
  RingCirclePositionError : 0
  position_error : 0.0408813
  orientation_error : 2.98023e-08
  found_in_gazebo : 1

 ErrorResults 
  stamp : 2025-11-29T12:17:33Z
  target_type : Ring_red
  model_name : Ring_red
  pose : 
       - position : [-10.0086 , 18.9726 , 2.97089]
       - orientation : [0.707107 , 0.707107 , 2.28404e-09 , -2.2818e-09]
  RingCirclePositionError : 7.79595
  position_error : 0.0408813
  orientation_error : 0
  found_in_gazebo : 1

 ErrorResults 
  stamp : 2025-11-29T12:17:33Z
  target_type : Ring_red
  model_name : Ring_red
  pose : 
       - position : [-6.40548 , 12.1425 , 1.90137]
       - orientation : [0.707107 , 0.707107 , 2.28404e-09 , -2.2818e-09]
  RingCirclePositionError : 0
  position_error : 0.0408813
  orientation_error : 2.98023e-08
  found_in_gazebo : 1

 ErrorResults 
  stamp : 2025-11-29T12:17:33Z
  target_type : Ring_red
  model_name : Ring_red
  pose : 
       - position : [-10.0086 , 18.9726 , 2.97089]
       - orientation : [0.707107 , 0.707107 , 2.28404e-09 , -2.2818e-09]
  RingCirclePositionError : 7.79595
  position_error : 0.0408813
  orientation_error : 0
  found_in_gazebo : 1

 ErrorResults 
  stamp : 2025-11-29T12:17:33Z
  target_type : Ring_red
  model_name : Ring_red
  pose : 
       - position : [-6.40548 , 12.1425 , 1.90137]
       - orientation : [0.707107 , 0.707107 , 2.28404e-09 , -2.2818e-09]
  RingCirclePositionError : 0
  position_error : 0.0408813
  orientation_error : 2.98023e-08
  found_in_gazebo : 1

 ErrorResults 
  stamp : 2025-11-29T12:17:34Z
  target_type : Ring_red
  model_name : Ring_red
  pose : 
       - position : [-10.0086 , 18.9726 , 2.97089]
       - orientation : [0.707107 , 0.707107 , 2.28404e-09 , -2.2818e-09]
  RingCirclePositionError : 7.79595
  position_error : 0.0408813
  orientation_error : 0
  found_in_gazebo : 1

 ErrorResults 
  stamp : 2025-11-29T12:17:34Z
  target_type : Ring_red
  model_name : Ring_red
  pose : 
       - position : [-6.40548 , 12.1425 , 1.90137]
       - orientation : [0.707107 , 0.707107 , 2.28404e-09 , -2.2818e-09]
  RingCirclePositionError : 0
  position_error : 0.0408813
  orientation_error : 2.98023e-08
  found_in_gazebo : 1

 ErrorResults 
  stamp : 2025-11-29T12:17:34Z
  target_type : Ring_red
  model_name : Ring_red
  pose : 
       - position : [-10.0086 , 18.9726 , 2.97089]
       - orientation : [0.707107 , 0.707107 , 2.28404e-09 , -2.2818e-09]
  RingCirclePositionError : 7.79595
  position_error : 0.0408813
  orientation_error : 0
  found_in_gazebo : 1

 ErrorResults 
  stamp : 2025-11-29T12:17:34Z
  target_type : Ring_red
  model_name : Ring_red
  pose : 
       - position : [-6.40548 , 12.1425 , 1.90137]
       - orientation : [0.707107 , 0.707107 , 2.28404e-09 , -2.2818e-09]
  RingCirclePositionError : 0
  position_error : 0.0408813
  orientation_error : 2.98023e-08
  found_in_gazebo : 1

 ErrorResults 
  stamp : 2025-11-29T12:17:35Z
  target_type : Ring_red
  model_name : Ring_red
  pose : 
       - position : [-10.0086 , 18.9726 , 2.97089]
       - orientation : [0.707107 , 0.707107 , 2.28404e-09 , -2.2818e-09]
  RingCirclePositionError : 7.79595
  position_error : 0.0408813
  orientation_error : 0
  found_in_gazebo : 1

 ErrorResults 
  stamp : 2025-11-29T12:17:35Z
  target_type : Ring_red
  model_name : Ring_red
  pose : 
       - position : [-6.40548 , 12.1425 , 1.90137]
       - orientation : [0.707107 , 0.707107 , 2.28404e-09 , -2.2818e-09]
  RingCirclePositionError : 0
  position_error : 0.0408813
  orientation_error : 2.98023e-08
  found_in_gazebo : 1

 ErrorResults 
  stamp : 2025-11-29T12:17:35Z
  target_type : Ring_red
  model_name : Ring_red
  pose : 
       - position : [-10.0086 , 18.9726 , 2.97089]
       - orientation : [0.707107 , 0.707107 , 2.28404e-09 , -2.2818e-09]
  RingCirclePositionError : 7.79595
  position_error : 0.0408813
  orientation_error : 0
  found_in_gazebo : 1

 ErrorResults 
  stamp : 2025-11-29T12:17:35Z
  target_type : Ring_red
  model_name : Ring_red
  pose : 
       - position : [-6.40548 , 12.1425 , 1.90137]
       - orientation : [0.707107 , 0.707107 , 2.28404e-09 , -2.2818e-09]
  RingCirclePositionError : 0
  position_error : 0.0408813
  orientation_error : 2.98023e-08
  found_in_gazebo : 1

 ErrorResults 
  stamp : 2025-11-29T12:17:36Z
  target_type : Ring_red
  model_name : Ring_red
  pose : 
       - position : [-10.0086 , 18.9726 , 2.97089]
       - orientation : [0.707107 , 0.707107 , 2.28404e-09 , -2.2818e-09]
  RingCirclePositionError : 7.79595
  position_error : 0.0408813
  orientation_error : 0
  found_in_gazebo : 1

 ErrorResults 
  stamp : 2025-11-29T12:17:36Z
  target_type : Ring_red
  model_name : Ring_red
  pose : 
       - position : [-6.40548 , 12.1425 , 1.90137]
       - orientation : [0.707107 , 0.707107 , 2.28404e-09 , -2.2818e-09]
  RingCirclePositionError : 0
  position_error : 0.0408813
  orientation_error : 2.98023e-08
  found_in_gazebo : 1

 ErrorResults 
  stamp : 2025-11-29T12:17:36Z
  target_type : Ring_red
  model_name : Ring_red
  pose : 
       - position : [-10.0086 , 18.9726 , 2.97089]
       - orientation : [0.707107 , 0.707107 , 2.28404e-09 , -2.2818e-09]
  RingCirclePositionError : 7.79595
  position_error : 0.0408813
  orientation_error : 0
  found_in_gazebo : 1

 ErrorResults 
  stamp : 2025-11-29T12:17:36Z
  target_type : Ring_red
  model_name : Ring_red
  pose : 
       - position : [-6.40548 , 12.1425 , 1.90137]
       - orientation : [0.707107 , 0.707107 , 2.28404e-09 , -2.2818e-09]
  RingCirclePositionError : 0
  position_error : 0.0408813
  orientation_error : 2.98023e-08
  found_in_gazebo : 1

 ErrorResults 
  stamp : 2025-11-29T12:17:37Z
  target_type : Ring_red
  model_name : Ring_red
  pose : 
       - position : [-10.0086 , 18.9726 , 2.97089]
       - orientation : [0.707107 , 0.707107 , 2.28404e-09 , -2.2818e-09]
  RingCirclePositionError : 7.79595
  position_error : 0.0408813
  orientation_error : 0
  found_in_gazebo : 1

 ErrorResults 
  stamp : 2025-11-29T12:17:37Z
  target_type : Ring_red
  model_name : Ring_red
  pose : 
       - position : [-6.40548 , 12.1425 , 1.90137]
       - orientation : [0.707107 , 0.707107 , 2.28404e-09 , -2.2818e-09]
  RingCirclePositionError : 0
  position_error : 0.0408813
  orientation_error : 2.98023e-08
  found_in_gazebo : 1

 ErrorResults 
  stamp : 2025-11-29T12:17:37Z
  target_type : Ring_red
  model_name : Ring_red
  pose : 
       - position : [-10.0086 , 18.9726 , 2.97089]
       - orientation : [0.707107 , 0.707107 , 2.28404e-09 , -2.2818e-09]
  RingCirclePositionError : 7.79595
  position_error : 0.0408813
  orientation_error : 0
  found_in_gazebo : 1

 ErrorResults 
  stamp : 2025-11-29T12:17:37Z
  target_type : Ring_red
  model_name : Ring_red
  pose : 
       - position : [-6.40548 , 12.1425 , 1.90137]
       - orientation : [0.707107 , 0.707107 , 2.28404e-09 , -2.2818e-09]
  RingCirclePositionError : 0
  position_error : 0.0408813
  orientation_error : 2.98023e-08
  found_in_gazebo : 1

 ErrorResults 
  stamp : 2025-11-29T12:17:38Z
  target_type : Ring_red
  model_name : Ring_red
  pose : 
       - position : [-10.0086 , 18.9726 , 2.97089]
       - orientation : [0.707107 , 0.707107 , 2.28404e-09 , -2.2818e-09]
  RingCirclePositionError : 7.79595
  position_error : 0.0408813
  orientation_error : 0
  found_in_gazebo : 1

 ErrorResults 
  stamp : 2025-11-29T12:17:38Z
  target_type : Ring_red
  model_name : Ring_red
  pose : 
       - position : [-6.40548 , 12.1425 , 1.90137]
       - orientation : [0.707107 , 0.707107 , 2.28404e-09 , -2.2818e-09]
  RingCirclePositionError : 0
  position_error : 0.0408813
  orientation_error : 2.98023e-08
  found_in_gazebo : 1

 ErrorResults 
  stamp : 2025-11-29T12:17:38Z
  target_type : Ring_red
  model_name : Ring_red
  pose : 
       - position : [-10.0086 , 18.9726 , 2.97089]
       - orientation : [0.707107 , 0.707107 , 2.28404e-09 , -2.2818e-09]
  RingCirclePositionError : 7.79595
  position_error : 0.0408813
  orientation_error : 0
  found_in_gazebo : 1

 ErrorResults 
  stamp : 2025-11-29T12:17:38Z
  target_type : Ring_red
  model_name : Ring_red
  pose : 
       - position : [-6.40548 , 12.1425 , 1.90137]
       - orientation : [0.707107 , 0.707107 , 2.28404e-09 , -2.2818e-09]
  RingCirclePositionError : 0
  position_error : 0.0408813
  orientation_error : 2.98023e-08
  found_in_gazebo : 1

 ErrorResults 
  stamp : 2025-11-29T12:17:39Z
  target_type : Ring_red
  model_name : Ring_red
  pose : 
       - position : [-10.0086 , 18.9726 , 2.97089]
       - orientation : [0.707107 , 0.707107 , 2.28404e-09 , -2.2818e-09]
  RingCirclePositionError : 7.79595
  position_error : 0.0408813
  orientation_error : 0
  found_in_gazebo : 1

 ErrorResults 
  stamp : 2025-11-29T12:17:39Z
  target_type : Ring_red
  model_name : Ring_red
  pose : 
       - position : [-6.40548 , 12.1425 , 1.90137]
       - orientation : [0.707107 , 0.707107 , 2.28404e-09 , -2.2818e-09]
  RingCirclePositionError : 0
  position_error : 0.0408813
  orientation_error : 2.98023e-08
  found_in_gazebo : 1

 ErrorResults 
  stamp : 2025-11-29T12:17:39Z
  target_type : Ring_red
  model_name : Ring_red
  pose : 
       - position : [-10.0086 , 18.9726 , 2.97089]
       - orientation : [0.707107 , 0.707107 , 2.28404e-09 , -2.2818e-09]
  RingCirclePositionError : 7.79595
  position_error : 0.0408813
  orientation_error : 0
  found_in_gazebo : 1

 ErrorResults 
  stamp : 2025-11-29T12:17:39Z
  target_type : Ring_red
  model_name : Ring_red
  pose : 
       - position : [-6.40548 , 12.1425 , 1.90137]
       - orientation : [0.707107 , 0.707107 , 2.28404e-09 , -2.2818e-09]
  RingCirclePositionError : 0
  position_error : 0.0408813
  orientation_error : 2.98023e-08
  found_in_gazebo : 1

 ErrorResults 
  stamp : 2025-11-29T12:17:40Z
  target_type : Ring_red
  model_name : Ring_red
  pose : 
       - position : [-10.0086 , 18.9726 , 2.97089]
       - orientation : [0.707107 , 0.707107 , 2.28404e-09 , -2.2818e-09]
  RingCirclePositionError : 7.79595
  position_error : 0.0408813
  orientation_error : 0
  found_in_gazebo : 1

 ErrorResults 
  stamp : 2025-11-29T12:17:40Z
  target_type : Ring_red
  model_name : Ring_red
  pose : 
       - position : [-6.40548 , 12.1425 , 1.90137]
       - orientation : [0.707107 , 0.707107 , 2.28404e-09 , -2.2818e-09]
  RingCirclePositionError : 0
  position_error : 0.0408813
  orientation_error : 2.98023e-08
  found_in_gazebo : 1

 ErrorResults 
  stamp : 2025-11-29T12:17:40Z
  target_type : Ring_red
  model_name : Ring_red
  pose : 
       - position : [-10.0086 , 18.9726 , 2.97089]
       - orientation : [0.707107 , 0.707107 , 2.28404e-09 , -2.2818e-09]
  RingCirclePositionError : 7.79595
  position_error : 0.0408813
  orientation_error : 0
  found_in_gazebo : 1

 ErrorResults 
  stamp : 2025-11-29T12:17:40Z
  target_type : Ring_red
  model_name : Ring_red
  pose : 
       - position : [-6.40548 , 12.1425 , 1.90137]
       - orientation : [0.707107 , 0.707107 , 2.28404e-09 , -2.2818e-09]
  RingCirclePositionError : 0
  position_error : 0.0408813
  orientation_error : 2.98023e-08
  found_in_gazebo : 1

 ErrorResults 
  stamp : 2025-11-29T12:17:41Z
  target_type : Ring_red
  model_name : Ring_red
  pose : 
       - position : [-10.0086 , 18.9726 , 2.97089]
       - orientation : [0.707107 , 0.707107 , 2.28404e-09 , -2.2818e-09]
  RingCirclePositionError : 7.79595
  position_error : 0.0408813
  orientation_error : 0
  found_in_gazebo : 1

 ErrorResults 
  stamp : 2025-11-29T12:17:41Z
  target_type : Ring_red
  model_name : Ring_red
  pose : 
       - position : [-6.40548 , 12.1425 , 1.90137]
       - orientation : [0.707107 , 0.707107 , 2.28404e-09 , -2.2818e-09]
  RingCirclePositionError : 0
  position_error : 0.0408813
  orientation_error : 2.98023e-08
  found_in_gazebo : 1

 ErrorResults 
  stamp : 2025-11-29T12:17:41Z
  target_type : Ring_red
  model_name : Ring_red
  pose : 
       - position : [-10.0086 , 18.9726 , 2.97089]
       - orientation : [0.707107 , 0.707107 , 2.28404e-09 , -2.2818e-09]
  RingCirclePositionError : 7.79595
  position_error : 0.0408813
  orientation_error : 0
  found_in_gazebo : 1

 ErrorResults 
  stamp : 2025-11-29T12:17:41Z
  target_type : Ring_red
  model_name : Ring_red
  pose : 
       - position : [-6.40548 , 12.1425 , 1.90137]
       - orientation : [0.707107 , 0.707107 , 2.28404e-09 , -2.2818e-09]
  RingCirclePositionError : 0
  position_error : 0.0408813
  orientation_error : 2.98023e-08
  found_in_gazebo : 1

 ErrorResults 
  stamp : 2025-11-29T12:17:42Z
  target_type : Ring_red
  model_name : Ring_red
  pose : 
       - position : [-10.0086 , 18.9726 , 2.97089]
       - orientation : [0.707107 , 0.707107 , 2.28404e-09 , -2.2818e-09]
  RingCirclePositionError : 7.79595
  position_error : 0.0408813
  orientation_error : 0
  found_in_gazebo : 1

 ErrorResults 
  stamp : 2025-11-29T12:17:42Z
  target_type : Ring_red
  model_name : Ring_red
  pose : 
       - position : [-6.40548 , 12.1425 , 1.90137]
       - orientation : [0.707107 , 0.707107 , 2.28404e-09 , -2.2818e-09]
  RingCirclePositionError : 0
  position_error : 0.0408813
  orientation_error : 2.98023e-08
  found_in_gazebo : 1

 ErrorResults 
  stamp : 2025-11-29T12:17:42Z
  target_type : Ring_red
  model_name : Ring_red
  pose : 
       - position : [-10.0086 , 18.9726 , 2.97089]
       - orientation : [0.707107 , 0.707107 , 2.28404e-09 , -2.2818e-09]
  RingCirclePositionError : 7.79595
  position_error : 0.0408813
  orientation_error : 0
  found_in_gazebo : 1

 ErrorResults 
  stamp : 2025-11-29T12:17:42Z
  target_type : Ring_red
  model_name : Ring_red
  pose : 
       - position : [-6.40548 , 12.1425 , 1.90137]
       - orientation : [0.707107 , 0.707107 , 2.28404e-09 , -2.2818e-09]
  RingCirclePositionError : 0
  position_error : 0.0408813
  orientation_error : 2.98023e-08
  found_in_gazebo : 1

 ErrorResults 
  stamp : 2025-11-29T12:17:42Z
  target_type : Ring_red
  model_name : Ring_red
  pose : 
       - position : [-10.0086 , 18.9726 , 2.97089]
       - orientation : [0.707107 , 0.707107 , 2.28404e-09 , -2.2818e-09]
  RingCirclePositionError : 7.79595
  position_error : 0.0408813
  orientation_error : 0
  found_in_gazebo : 1

 ErrorResults 
  stamp : 2025-11-29T12:17:42Z
  target_type : Ring_red
  model_name : Ring_red
  pose : 
       - position : [-6.40548 , 12.1425 , 1.90137]
       - orientation : [0.707107 , 0.707107 , 2.28404e-09 , -2.2818e-09]
  RingCirclePositionError : 0
  position_error : 0.0408813
  orientation_error : 2.98023e-08
  found_in_gazebo : 1

 ErrorResults 
  stamp : 2025-11-29T12:17:43Z
  target_type : Ring_red
  model_name : Ring_red
  pose : 
       - position : [-10.0086 , 18.9726 , 2.97089]
       - orientation : [0.707107 , 0.707107 , 2.28404e-09 , -2.2818e-09]
  RingCirclePositionError : 7.79595
  position_error : 0.0408813
  orientation_error : 0
  found_in_gazebo : 1

 ErrorResults 
  stamp : 2025-11-29T12:17:43Z
  target_type : Ring_red
  model_name : Ring_red
  pose : 
       - position : [-6.40548 , 12.1425 , 1.90137]
       - orientation : [0.707107 , 0.707107 , 2.28404e-09 , -2.2818e-09]
  RingCirclePositionError : 0
  position_error : 0.0408813
  orientation_error : 2.98023e-08
  found_in_gazebo : 1

 ErrorResults 
  stamp : 2025-11-29T12:17:43Z
  target_type : Ring_red
  model_name : Ring_red
  pose : 
       - position : [-10.0086 , 18.9726 , 2.97089]
       - orientation : [0.707107 , 0.707107 , 2.28404e-09 , -2.2818e-09]
  RingCirclePositionError : 7.79595
  position_error : 0.0408813
  orientation_error : 0
  found_in_gazebo : 1

 ErrorResults 
  stamp : 2025-11-29T12:17:43Z
  target_type : Ring_red
  model_name : Ring_red
  pose : 
       - position : [-6.40548 , 12.1425 , 1.90137]
       - orientation : [0.707107 , 0.707107 , 2.28404e-09 , -2.2818e-09]
  RingCirclePositionError : 0
  position_error : 0.0408813
  orientation_error : 2.98023e-08
  found_in_gazebo : 1

 ErrorResults 
  stamp : 2025-11-29T12:17:44Z
  target_type : Ring_red
  model_name : Ring_red
  pose : 
       - position : [-10.0086 , 18.9726 , 2.97089]
       - orientation : [0.707107 , 0.707107 , 2.28404e-09 , -2.2818e-09]
  RingCirclePositionError : 7.79595
  position_error : 0.0408813
  orientation_error : 0
  found_in_gazebo : 1

 ErrorResults 
  stamp : 2025-11-29T12:17:44Z
  target_type : Ring_red
  model_name : Ring_red
  pose : 
       - position : [-6.40548 , 12.1425 , 1.90137]
       - orientation : [0.707107 , 0.707107 , 2.28404e-09 , -2.2818e-09]
  RingCirclePositionError : 0
  position_error : 0.0408813
  orientation_error : 2.98023e-08
  found_in_gazebo : 1

 ErrorResults 
  stamp : 2025-11-29T12:17:44Z
  target_type : Ring_red
  model_name : Ring_red
  pose : 
       - position : [-10.0086 , 18.9726 , 2.97089]
       - orientation : [0.707107 , 0.707107 , 2.28404e-09 , -2.2818e-09]
  RingCirclePositionError : 7.79595
  position_error : 0.0408813
  orientation_error : 0
  found_in_gazebo : 1

 ErrorResults 
  stamp : 2025-11-29T12:17:44Z
  target_type : Ring_red
  model_name : Ring_red
  pose : 
       - position : [-6.40548 , 12.1425 , 1.90137]
       - orientation : [0.707107 , 0.707107 , 2.28404e-09 , -2.2818e-09]
  RingCirclePositionError : 0
  position_error : 0.0408813
  orientation_error : 2.98023e-08
  found_in_gazebo : 1

 ErrorResults 
  stamp : 2025-11-29T12:17:45Z
  target_type : Ring_red
  model_name : Ring_red
  pose : 
       - position : [-10.0086 , 18.9726 , 2.97089]
       - orientation : [0.707107 , 0.707107 , 2.28404e-09 , -2.2818e-09]
  RingCirclePositionError : 7.79595
  position_error : 0.0408813
  orientation_error : 0
  found_in_gazebo : 1

 ErrorResults 
  stamp : 2025-11-29T12:17:45Z
  target_type : Ring_red
  model_name : Ring_red
  pose : 
       - position : [-6.40548 , 12.1425 , 1.90137]
       - orientation : [0.707107 , 0.707107 , 2.28404e-09 , -2.2818e-09]
  RingCirclePositionError : 0
  position_error : 0.0408813
  orientation_error : 2.98023e-08
  found_in_gazebo : 1

 ErrorResults 
  stamp : 2025-11-29T12:17:45Z
  target_type : Ring_red
  model_name : Ring_red
  pose : 
       - position : [-10.0086 , 18.9726 , 2.97089]
       - orientation : [0.707107 , 0.707107 , 2.28404e-09 , -2.2818e-09]
  RingCirclePositionError : 7.79595
  position_error : 0.0408813
  orientation_error : 0
  found_in_gazebo : 1

 ErrorResults 
  stamp : 2025-11-29T12:17:45Z
  target_type : Ring_red
  model_name : Ring_red
  pose : 
       - position : [-6.40548 , 12.1425 , 1.90137]
       - orientation : [0.707107 , 0.707107 , 2.28404e-09 , -2.2818e-09]
  RingCirclePositionError : 0
  position_error : 0.0408813
  orientation_error : 2.98023e-08
  found_in_gazebo : 1

 ErrorResults 
  stamp : 2025-11-29T12:17:46Z
  target_type : Ring_red
  model_name : Ring_red
  pose : 
       - position : [-10.0086 , 18.9726 , 2.97089]
       - orientation : [0.707107 , 0.707107 , 2.28404e-09 , -2.2818e-09]
  RingCirclePositionError : 7.79595
  position_error : 0.0408813
  orientation_error : 0
  found_in_gazebo : 1

 ErrorResults 
  stamp : 2025-11-29T12:17:46Z
  target_type : Ring_red
  model_name : Ring_red
  pose : 
       - position : [-6.40548 , 12.1425 , 1.90137]
       - orientation : [0.707107 , 0.707107 , 2.28404e-09 , -2.2818e-09]
  RingCirclePositionError : 0
  position_error : 0.0408813
  orientation_error : 2.98023e-08
  found_in_gazebo : 1

 ErrorResults 
  stamp : 2025-11-29T12:17:46Z
  target_type : Ring_red
  model_name : Ring_red
  pose : 
       - position : [-10.0086 , 18.9726 , 2.97089]
       - orientation : [0.707107 , 0.707107 , 2.28404e-09 , -2.2818e-09]
  RingCirclePositionError : 7.79595
  position_error : 0.0408813
  orientation_error : 0
  found_in_gazebo : 1

 ErrorResults 
  stamp : 2025-11-29T12:17:46Z
  target_type : Ring_red
  model_name : Ring_red
  pose : 
       - position : [-6.40548 , 12.1425 , 1.90137]
       - orientation : [0.707107 , 0.707107 , 2.28404e-09 , -2.2818e-09]
  RingCirclePositionError : 0
  position_error : 0.0408813
  orientation_error : 2.98023e-08
  found_in_gazebo : 1

 ErrorResults 
  stamp : 2025-11-29T12:17:47Z
  target_type : Ring_red
  model_name : Ring_red
  pose : 
       - position : [-10.0086 , 18.9726 , 2.97089]
       - orientation : [0.707107 , 0.707107 , 2.28404e-09 , -2.2818e-09]
  RingCirclePositionError : 7.79595
  position_error : 0.0408813
  orientation_error : 0
  found_in_gazebo : 1

 ErrorResults 
  stamp : 2025-11-29T12:17:47Z
  target_type : Ring_red
  model_name : Ring_red
  pose : 
       - position : [-6.40548 , 12.1425 , 1.90137]
       - orientation : [0.707107 , 0.707107 , 2.28404e-09 , -2.2818e-09]
  RingCirclePositionError : 0
  position_error : 0.0408813
  orientation_error : 2.98023e-08
  found_in_gazebo : 1

 ErrorResults 
  stamp : 2025-11-29T12:17:47Z
  target_type : Ring_red
  model_name : Ring_red
  pose : 
       - position : [-10.0086 , 18.9726 , 2.97089]
       - orientation : [0.707107 , 0.707107 , 2.28404e-09 , -2.2818e-09]
  RingCirclePositionError : 7.79595
  position_error : 0.0408813
  orientation_error : 0
  found_in_gazebo : 1

 ErrorResults 
  stamp : 2025-11-29T12:17:47Z
  target_type : Ring_red
  model_name : Ring_red
  pose : 
       - position : [-6.40548 , 12.1425 , 1.90137]
       - orientation : [0.707107 , 0.707107 , 2.28404e-09 , -2.2818e-09]
  RingCirclePositionError : 0
  position_error : 0.0408813
  orientation_error : 2.98023e-08
  found_in_gazebo : 1

 ErrorResults 
  stamp : 2025-11-29T12:17:48Z
  target_type : Ring_red
  model_name : Ring_red
  pose : 
       - position : [-10.0086 , 18.9726 , 2.97089]
       - orientation : [0.707107 , 0.707107 , 2.28404e-09 , -2.2818e-09]
  RingCirclePositionError : 7.79595
  position_error : 0.0408813
  orientation_error : 0
  found_in_gazebo : 1

 ErrorResults 
  stamp : 2025-11-29T12:17:48Z
  target_type : Ring_red
  model_name : Ring_red
  pose : 
       - position : [-6.40548 , 12.1425 , 1.90137]
       - orientation : [0.707107 , 0.707107 , 2.28404e-09 , -2.2818e-09]
  RingCirclePositionError : 0
  position_error : 0.0408813
  orientation_error : 2.98023e-08
  found_in_gazebo : 1

 ErrorResults 
  stamp : 2025-11-29T12:17:48Z
  target_type : Ring_red
  model_name : Ring_red
  pose : 
       - position : [-10.0086 , 18.9726 , 2.97089]
       - orientation : [0.707107 , 0.707107 , 2.28404e-09 , -2.2818e-09]
  RingCirclePositionError : 7.79595
  position_error : 0.0408813
  orientation_error : 0
  found_in_gazebo : 1

 ErrorResults 
  stamp : 2025-11-29T12:17:48Z
  target_type : Ring_red
  model_name : Ring_red
  pose : 
       - position : [-6.40548 , 12.1425 , 1.90137]
       - orientation : [0.707107 , 0.707107 , 2.28404e-09 , -2.2818e-09]
  RingCirclePositionError : 0
  position_error : 0.0408813
  orientation_error : 2.98023e-08
  found_in_gazebo : 1

 ErrorResults 
  stamp : 2025-11-29T12:17:48Z
  target_type : Ring_red
  model_name : Ring_red
  pose : 
       - position : [-10.0086 , 18.9726 , 2.97089]
       - orientation : [0.707107 , 0.707107 , 2.28404e-09 , -2.2818e-09]
  RingCirclePositionError : 7.79595
  position_error : 0.0408813
  orientation_error : 0
  found_in_gazebo : 1

 ErrorResults 
  stamp : 2025-11-29T12:17:48Z
  target_type : Ring_red
  model_name : Ring_red
  pose : 
       - position : [-6.40548 , 12.1425 , 1.90137]
       - orientation : [0.707107 , 0.707107 , 2.28404e-09 , -2.2818e-09]
  RingCirclePositionError : 0
  position_error : 0.0408813
  orientation_error : 2.98023e-08
  found_in_gazebo : 1

 ErrorResults 
  stamp : 2025-11-29T12:17:49Z
  target_type : Ring_red
  model_name : Ring_red
  pose : 
       - position : [-10.0086 , 18.9726 , 2.97089]
       - orientation : [0.707107 , 0.707107 , 2.28404e-09 , -2.2818e-09]
  RingCirclePositionError : 7.79595
  position_error : 0.0408813
  orientation_error : 0
  found_in_gazebo : 1

 ErrorResults 
  stamp : 2025-11-29T12:17:49Z
  target_type : Ring_red
  model_name : Ring_red
  pose : 
       - position : [-6.40548 , 12.1425 , 1.90137]
       - orientation : [0.707107 , 0.707107 , 2.28404e-09 , -2.2818e-09]
  RingCirclePositionError : 0
  position_error : 0.0408813
  orientation_error : 2.98023e-08
  found_in_gazebo : 1

 ErrorResults 
  stamp : 2025-11-29T12:17:49Z
  target_type : Ring_red
  model_name : Ring_red
  pose : 
       - position : [-10.0086 , 18.9726 , 2.97089]
       - orientation : [0.707107 , 0.707107 , 2.28404e-09 , -2.2818e-09]
  RingCirclePositionError : 7.79595
  position_error : 0.0408813
  orientation_error : 0
  found_in_gazebo : 1

 ErrorResults 
  stamp : 2025-11-29T12:17:49Z
  target_type : Ring_red
  model_name : Ring_red
  pose : 
       - position : [-6.40548 , 12.1425 , 1.90137]
       - orientation : [0.707107 , 0.707107 , 2.28404e-09 , -2.2818e-09]
  RingCirclePositionError : 0
  position_error : 0.0408813
  orientation_error : 2.98023e-08
  found_in_gazebo : 1

 ErrorResults 
  stamp : 2025-11-29T12:17:50Z
  target_type : Ring_red
  model_name : Ring_red
  pose : 
       - position : [-10.0086 , 18.9726 , 2.97089]
       - orientation : [0.707107 , 0.707107 , 2.28404e-09 , -2.2818e-09]
  RingCirclePositionError : 7.79595
  position_error : 0.0408813
  orientation_error : 0
  found_in_gazebo : 1

 ErrorResults 
  stamp : 2025-11-29T12:17:50Z
  target_type : Ring_red
  model_name : Ring_red
  pose : 
       - position : [-6.40548 , 12.1425 , 1.90137]
       - orientation : [0.707107 , 0.707107 , 2.28404e-09 , -2.2818e-09]
  RingCirclePositionError : 0
  position_error : 0.0408813
  orientation_error : 2.98023e-08
  found_in_gazebo : 1

 ErrorResults 
  stamp : 2025-11-29T12:17:50Z
  target_type : Ring_red
  model_name : Ring_red
  pose : 
       - position : [-10.0086 , 18.9726 , 2.97089]
       - orientation : [0.707107 , 0.707107 , 2.28404e-09 , -2.2818e-09]
  RingCirclePositionError : 7.79595
  position_error : 0.0408813
  orientation_error : 0
  found_in_gazebo : 1

 ErrorResults 
  stamp : 2025-11-29T12:17:50Z
  target_type : Ring_red
  model_name : Ring_red
  pose : 
       - position : [-6.40548 , 12.1425 , 1.90137]
       - orientation : [0.707107 , 0.707107 , 2.28404e-09 , -2.2818e-09]
  RingCirclePositionError : 0
  position_error : 0.0408813
  orientation_error : 2.98023e-08
  found_in_gazebo : 1

 ErrorResults 
  stamp : 2025-11-29T12:17:51Z
  target_type : Ring_red
  model_name : Ring_red
  pose : 
       - position : [-10.0086 , 18.9726 , 2.97089]
       - orientation : [0.707107 , 0.707107 , 2.28404e-09 , -2.2818e-09]
  RingCirclePositionError : 7.79595
  position_error : 0.0408813
  orientation_error : 0
  found_in_gazebo : 1

 ErrorResults 
  stamp : 2025-11-29T12:17:51Z
  target_type : Ring_red
  model_name : Ring_red
  pose : 
       - position : [-6.40548 , 12.1425 , 1.90137]
       - orientation : [0.707107 , 0.707107 , 2.28404e-09 , -2.2818e-09]
  RingCirclePositionError : 0
  position_error : 0.0408813
  orientation_error : 2.98023e-08
  found_in_gazebo : 1

 ErrorResults 
  stamp : 2025-11-29T12:17:51Z
  target_type : Ring_red
  model_name : Ring_red
  pose : 
       - position : [-10.0086 , 18.9726 , 2.97089]
       - orientation : [0.707107 , 0.707107 , 2.28404e-09 , -2.2818e-09]
  RingCirclePositionError : 7.79595
  position_error : 0.0408813
  orientation_error : 0
  found_in_gazebo : 1

 ErrorResults 
  stamp : 2025-11-29T12:17:51Z
  target_type : Ring_red
  model_name : Ring_red
  pose : 
       - position : [-6.40548 , 12.1425 , 1.90137]
       - orientation : [0.707107 , 0.707107 , 2.28404e-09 , -2.2818e-09]
  RingCirclePositionError : 0
  position_error : 0.0408813
  orientation_error : 2.98023e-08
  found_in_gazebo : 1

 ErrorResults 
  stamp : 2025-11-29T12:17:52Z
  target_type : arrow
  model_name : arrow
  pose : 
       - position : [3.22229 , 16.3361 , 5.40275]
       - orientation : [0.716535 , -0.682655 , 0.0431618 , -0.136732]
  RingCirclePositionError : 0
  position_error : 1.41308
  orientation_error : 2.86727
  found_in_gazebo : 1

 ErrorResults 
  stamp : 2025-11-29T12:17:53Z
  target_type : arrow
  model_name : arrow
  pose : 
       - position : [3.25771 , 16.295 , 5.42711]
       - orientation : [0.590817 , -0.620852 , 0.338538 , -0.38842]
  RingCirclePositionError : 0
  position_error : 1.38779
  orientation_error : 2.34376
  found_in_gazebo : 1

 ErrorResults 
  stamp : 2025-11-29T12:17:53Z
  target_type : arrow
  model_name : arrow
  pose : 
       - position : [3.25333 , 16.4944 , 5.44735]
       - orientation : [0.724435 , -0.672918 , 0.0771135 , -0.128175]
  RingCirclePositionError : 0
  position_error : 1.58035
  orientation_error : 2.88454
  found_in_gazebo : 1

 ErrorResults 
  stamp : 2025-11-29T12:17:54Z
  target_type : arrow
  model_name : arrow
  pose : 
       - position : [3.22103 , 16.331 , 5.39772]
       - orientation : [0.707794 , -0.688129 , 0.0792098 , -0.138682]
  RingCirclePositionError : 0
  position_error : 1.4066
  orientation_error : 2.86333
  found_in_gazebo : 1

 ErrorResults 
  stamp : 2025-11-29T12:17:54Z
  target_type : arrow
  model_name : arrow
  pose : 
       - position : [3.23976 , 16.1879 , 5.39183]
       - orientation : [0.558017 , -0.628891 , 0.338336 , -0.42266]
  RingCirclePositionError : 0
  position_error : 1.2736
  orientation_error : 2.26884
  found_in_gazebo : 1

 ErrorResults 
  stamp : 2025-11-29T12:17:54Z
  target_type : arrow
  model_name : arrow
  pose : 
       - position : [3.17774 , 16.1099 , 5.3208]
       - orientation : [0.705635 , -0.678917 , 0.0922547 , -0.180666]
  RingCirclePositionError : 0
  position_error : 1.16894
  orientation_error : 2.77827
  found_in_gazebo : 1

 ErrorResults 
  stamp : 2025-11-29T12:17:55Z
  target_type : arrow
  model_name : arrow
  pose : 
       - position : [3.23382 , 16.3966 , 5.41613]
       - orientation : [0.693388 , -0.694122 , 0.107977 , -0.160464]
  RingCirclePositionError : 0
  position_error : 1.47588
  orientation_error : 2.81927
  found_in_gazebo : 1

 ErrorResults 
  stamp : 2025-11-29T12:17:55Z
  target_type : arrow
  model_name : arrow
  pose : 
       - position : [3.22267 , 16.2998 , 5.38688]
       - orientation : [0.709756 , -0.668089 , 0.107259 , -0.195959]
  RingCirclePositionError : 0
  position_error : 1.37427
  orientation_error : 2.74712
  found_in_gazebo : 1

 ErrorResults 
  stamp : 2025-11-29T12:17:56Z
  target_type : arrow
  model_name : arrow
  pose : 
       - position : [3.2594 , 16.4876 , 5.44601]
       - orientation : [0.69392 , -0.687278 , 0.112609 , -0.182874]
  RingCirclePositionError : 0
  position_error : 1.57453
  orientation_error : 2.77378
  found_in_gazebo : 1

 ErrorResults 
  stamp : 2025-11-29T12:17:56Z
  target_type : arrow
  model_name : arrow
  pose : 
       - position : [3.18753 , 16.1587 , 5.33703]
       - orientation : [0.693713 , -0.674511 , 0.11714 , -0.223774]
  RingCirclePositionError : 0
  position_error : 1.22123
  orientation_error : 2.69022
  found_in_gazebo : 1

 ErrorResults 
  stamp : 2025-11-29T12:17:57Z
  target_type : arrow
  model_name : arrow
  pose : 
       - position : [3.21346 , 16.2736 , 5.37511]
       - orientation : [0.694965 , -0.675352 , 0.145743 , -0.199202]
  RingCirclePositionError : 0
  position_error : 1.34479
  orientation_error : 2.74051
  found_in_gazebo : 1

 ErrorResults 
  stamp : 2025-11-29T12:17:58Z
  target_type : arrow
  model_name : arrow
  pose : 
       - position : [3.21628 , 16.2866 , 5.37918]
       - orientation : [0.694828 , -0.667079 , 0.148771 , -0.223801]
  RingCirclePositionError : 0
  position_error : 1.35863
  orientation_error : 2.69017
  found_in_gazebo : 1

 ErrorResults 
  stamp : 2025-11-29T12:17:58Z
  target_type : arrow
  model_name : arrow
  pose : 
       - position : [3.22917 , 16.3531 , 5.40123]
       - orientation : [0.69444 , -0.665968 , 0.170893 , -0.212214]
  RingCirclePositionError : 0
  position_error : 1.42985
  orientation_error : 2.71391
  found_in_gazebo : 1

 ErrorResults 
  stamp : 2025-11-29T12:17:59Z
  target_type : arrow
  model_name : arrow
  pose : 
       - position : [3.2153 , 16.2637 , 5.36474]
       - orientation : [0.676071 , -0.672195 , 0.170435 , -0.249065]
  RingCirclePositionError : 0
  position_error : 1.33282
  orientation_error : 2.63816
  found_in_gazebo : 1

 ErrorResults 
  stamp : 2025-11-29T12:17:59Z
  target_type : arrow
  model_name : arrow
  pose : 
       - position : [3.2663 , 16.3757 , 5.45011]
       - orientation : [0.525341 , -0.542436 , 0.453485 , -0.473426]
  RingCirclePositionError : 0
  position_error : 1.47176
  orientation_error : 2.15524
  found_in_gazebo : 1

 ErrorResults 
  stamp : 2025-11-29T12:18:00Z
  target_type : arrow
  model_name : arrow
  pose : 
       - position : [3.27161 , 16.44 , 5.47539]
       - orientation : [0.510849 , -0.547457 , 0.45163 , -0.485133]
  RingCirclePositionError : 0
  position_error : 1.5406
  orientation_error : 2.12856
  found_in_gazebo : 1

 ErrorResults 
  stamp : 2025-11-29T12:18:01Z
  target_type : arrow
  model_name : arrow
  pose : 
       - position : [3.23387 , 16.3761 , 5.40202]
       - orientation : [0.658865 , -0.668843 , 0.190237 , -0.286977]
  RingCirclePositionError : 0
  position_error : 1.45258
  orientation_error : 2.55945
  found_in_gazebo : 1

 ErrorResults 
  stamp : 2025-11-29T12:18:01Z
  target_type : arrow
  model_name : arrow
  pose : 
       - position : [3.27634 , 16.4308 , 5.465]
       - orientation : [-0.479858 , 0.55212 , -0.475605 , 0.48857]
  RingCirclePositionError : 0
  position_error : 1.52966
  orientation_error : 2.12069
  found_in_gazebo : 1

 ErrorResults 
  stamp : 2025-11-29T12:18:01Z
  target_type : arrow
  model_name : arrow
  pose : 
       - position : [3.23346 , 16.3556 , 5.38791]
       - orientation : [0.649382 , -0.661927 , 0.215325 , -0.306252]
  RingCirclePositionError : 0
  position_error : 1.42917
  orientation_error : 2.51909
  found_in_gazebo : 1

 ErrorResults 
  stamp : 2025-11-29T12:18:02Z
  target_type : arrow
  model_name : arrow
  pose : 
       - position : [3.21897 , 16.2514 , 5.35308]
       - orientation : [0.767482 , -0.447744 , 0.458757 , -0.00614831]
  RingCirclePositionError : 0
  position_error : 1.31858
  orientation_error : 3.1293
  found_in_gazebo : 1

 ErrorResults 
  stamp : 2025-11-29T12:18:02Z
  target_type : arrow
  model_name : arrow
  pose : 
       - position : [3.23977 , 16.3512 , 5.3865]
       - orientation : [0.649654 , -0.658732 , 0.234848 , -0.298108]
  RingCirclePositionError : 0
  position_error : 1.42573
  orientation_error : 2.53617
  found_in_gazebo : 1

 ErrorResults 
  stamp : 2025-11-29T12:18:03Z
  target_type : arrow
  model_name : arrow
  pose : 
       - position : [3.26786 , 16.5176 , 5.44119]
       - orientation : [0.757324 , -0.448642 , 0.474047 , -0.0214465]
  RingCirclePositionError : 0
  position_error : 1.60298
  orientation_error : 3.0987
  found_in_gazebo : 1

 ErrorResults 
  stamp : 2025-11-29T12:18:03Z
  target_type : arrow
  model_name : arrow
  pose : 
       - position : [3.25506 , 16.4681 , 5.42533]
       - orientation : [0.635039 , -0.663422 , 0.257373 , -0.300591]
  RingCirclePositionError : 0
  position_error : 1.5496
  orientation_error : 2.53097
  found_in_gazebo : 1

 ErrorResults 
  stamp : 2025-11-29T12:18:04Z
  target_type : arrow
  model_name : arrow
  pose : 
       - position : [3.22222 , 16.2832 , 5.36818]
       - orientation : [0.628065 , -0.664208 , 0.257114 , -0.313457]
  RingCirclePositionError : 0
  position_error : 1.35335
  orientation_error : 2.50393
  found_in_gazebo : 1

 ErrorResults 
  stamp : 2025-11-29T12:18:04Z
  target_type : arrow
  model_name : arrow
  pose : 
       - position : [3.19734 , 16.1758 , 5.33272]
       - orientation : [0.626472 , -0.658167 , 0.268273 , -0.319966]
  RingCirclePositionError : 0
  position_error : 1.23783
  orientation_error : 2.4902
  found_in_gazebo : 1

 ErrorResults 
  stamp : 2025-11-29T12:18:05Z
  target_type : arrow
  model_name : arrow
  pose : 
       - position : [3.22666 , 16.3062 , 5.37939]
       - orientation : [0.624638 , -0.654882 , 0.281802 , -0.318661]
  RingCirclePositionError : 0
  position_error : 1.37897
  orientation_error : 2.49296
  found_in_gazebo : 1

 ErrorResults 
  stamp : 2025-11-29T12:18:05Z
  target_type : arrow
  model_name : arrow
  pose : 
       - position : [3.43417 , 17.375 , 5.71876]
       - orientation : [0.687777 , -0.561843 , 0.407922 , -0.211883]
  RingCirclePositionError : 0
  position_error : 2.5191
  orientation_error : 2.71459
  found_in_gazebo : 1

 ErrorResults 
  stamp : 2025-11-29T12:18:06Z
  target_type : arrow
  model_name : arrow
  pose : 
       - position : [3.46882 , 17.5089 , 5.77159]
       - orientation : [0.662438 , -0.595628 , 0.375415 , -0.255864]
  RingCirclePositionError : 0
  position_error : 2.66638
  orientation_error : 2.62411
  found_in_gazebo : 1

 ErrorResults 
  stamp : 2025-11-29T12:18:06Z
  target_type : arrow
  model_name : arrow
  pose : 
       - position : [3.25745 , 16.4611 , 5.42652]
       - orientation : [0.622714 , -0.636594 , 0.306669 , -0.336048]
  RingCirclePositionError : 0
  position_error : 1.5437
  orientation_error : 2.45616
  found_in_gazebo : 1

 ErrorResults 
  stamp : 2025-11-29T12:18:07Z
  target_type : arrow
  model_name : arrow
  pose : 
       - position : [3.19408 , 16.1404 , 5.31398]
       - orientation : [0.593131 , -0.648327 , 0.290442 , -0.37883]
  RingCirclePositionError : 0
  position_error : 1.19864
  orientation_error : 2.36453
  found_in_gazebo : 1

 ErrorResults 
  stamp : 2025-11-29T12:18:07Z
  target_type : arrow
  model_name : arrow
  pose : 
       - position : [1.88272 , 9.49047 , 3.16655]
       - orientation : [-0.291394 , 0.942881 , -0.139279 , -0.0816439]
  RingCirclePositionError : 0
  position_error : 5.9131
  orientation_error : 2.97812
  found_in_gazebo : 1

 ErrorResults 
  stamp : 2025-11-29T12:18:08Z
  target_type : arrow
  model_name : arrow
  pose : 
       - position : [3.23992 , 16.3547 , 5.38799]
       - orientation : [0.600155 , -0.632757 , 0.327036 , -0.363978]
  RingCirclePositionError : 0
  position_error : 1.42946
  orientation_error : 2.39652
  found_in_gazebo : 1

 ErrorResults 
  stamp : 2025-11-29T12:18:08Z
  target_type : arrow
  model_name : arrow
  pose : 
       - position : [3.24691 , 16.3704 , 5.39285]
       - orientation : [0.608937 , -0.615796 , 0.34279 , -0.363985]
  RingCirclePositionError : 0
  position_error : 1.44683
  orientation_error : 2.39651
  found_in_gazebo : 1

 ErrorResults 
  stamp : 2025-11-29T12:18:09Z
  target_type : arrow
  model_name : arrow
  pose : 
       - position : [1.88801 , 9.51935 , 3.17381]
       - orientation : [-0.288957 , 0.939283 , -0.166413 , -0.0809848]
  RingCirclePositionError : 0
  position_error : 5.88295
  orientation_error : 2.97945
  found_in_gazebo : 1

 ErrorResults 
  stamp : 2025-11-29T12:18:09Z
  target_type : arrow
  model_name : arrow
  pose : 
       - position : [1.88657 , 9.5236 , 3.17724]
       - orientation : [-0.286541 , 0.93785 , -0.177782 , -0.0820051]
  RingCirclePositionError : 0
  position_error : 5.87819
  orientation_error : 2.9774
  found_in_gazebo : 1

 ErrorResults 
  stamp : 2025-11-29T12:18:09Z
  target_type : arrow
  model_name : arrow
  pose : 
       - position : [1.89983 , 9.59142 , 3.19751]
       - orientation : [-0.285207 , 0.935735 , -0.191002 , -0.081087]
  RingCirclePositionError : 0
  position_error : 5.80621
  orientation_error : 2.97924
  found_in_gazebo : 1

 ErrorResults 
  stamp : 2025-11-29T12:18:10Z
  target_type : arrow
  model_name : arrow
  pose : 
       - position : [3.2776 , 16.5065 , 5.43035]
       - orientation : [0.585117 , -0.604442 , 0.365036 , -0.398794]
  RingCirclePositionError : 0
  position_error : 1.59112
  orientation_error : 2.32119
  found_in_gazebo : 1

 ErrorResults 
  stamp : 2025-11-29T12:18:10Z
  target_type : arrow
  model_name : arrow
  pose : 
       - position : [1.89851 , 9.58617 , 3.19562]
       - orientation : [-0.28412 , 0.930752 , -0.214335 , -0.0838859]
  RingCirclePositionError : 0
  position_error : 5.81193
  orientation_error : 2.97362
  found_in_gazebo : 1

 ErrorResults 
  stamp : 2025-11-29T12:18:11Z
  target_type : arrow
  model_name : arrow
  pose : 
       - position : [1.88501 , 9.49966 , 3.15553]
       - orientation : [0.971016 , -0.0125165 , 0.16315 , -0.174223]
  RingCirclePositionError : 0
  position_error : 5.90754
  orientation_error : 2.79136
  found_in_gazebo : 1

 ErrorResults 
  stamp : 2025-11-29T12:18:11Z
  target_type : arrow
  model_name : arrow
  pose : 
       - position : [1.895 , 9.55932 , 3.17325]
       - orientation : [0.965986 , -0.0168601 , 0.169475 , -0.19459]
  RingCirclePositionError : 0
  position_error : 5.84457
  orientation_error : 2.74991
  found_in_gazebo : 1

 ErrorResults 
  stamp : 2025-11-29T12:18:12Z
  target_type : arrow
  model_name : arrow
  pose : 
       - position : [1.89417 , 9.58915 , 3.19402]
       - orientation : [-0.278157 , 0.923719 , -0.250737 , -0.0806358]
  RingCirclePositionError : 0
  position_error : 5.81049
  orientation_error : 2.98015
  found_in_gazebo : 1

 ErrorResults 
  stamp : 2025-11-29T12:18:12Z
  target_type : arrow
  model_name : arrow
  pose : 
       - position : [1.89793 , 9.56181 , 3.17417]
       - orientation : [0.959698 , -0.0189811 , 0.176031 , -0.218247]
  RingCirclePositionError : 0
  position_error : 5.84142
  orientation_error : 2.70156
  found_in_gazebo : 1

 ErrorResults 
  stamp : 2025-11-29T12:18:13Z
  target_type : arrow
  model_name : arrow
  pose : 
       - position : [3.27216 , 16.4763 , 5.42156]
       - orientation : [0.638717 , -0.40484 , 0.639033 , -0.140651]
  RingCirclePositionError : 0
  position_error : 1.55924
  orientation_error : 2.85936
  found_in_gazebo : 1

 ErrorResults 
  stamp : 2025-11-29T12:18:13Z
  target_type : arrow
  model_name : arrow
  pose : 
       - position : [1.9051 , 9.64625 , 3.2127]
       - orientation : [-0.27522 , 0.9171 , -0.277429 , -0.0788326]
  RingCirclePositionError : 0
  position_error : 5.74942
  orientation_error : 2.98376
  found_in_gazebo : 1

 ErrorResults 
  stamp : 2025-11-29T12:18:14Z
  target_type : arrow
  model_name : arrow
  pose : 
       - position : [1.89722 , 9.62874 , 3.21094]
       - orientation : [-0.269757 , 0.913375 , -0.293486 , -0.082719]
  RingCirclePositionError : 0
  position_error : 5.76779
  orientation_error : 2.97597
  found_in_gazebo : 1

 ErrorResults 
  stamp : 2025-11-29T12:18:14Z
  target_type : arrow
  model_name : arrow
  pose : 
       - position : [1.91305 , 9.69906 , 3.23201]
       - orientation : [-0.269416 , 0.908481 , -0.309306 , -0.0800471]
  RingCirclePositionError : 0
  position_error : 5.69273
  orientation_error : 2.98133
  found_in_gazebo : 1

 ErrorResults 
  stamp : 2025-11-29T12:18:14Z
  target_type : arrow
  model_name : arrow
  pose : 
       - position : [1.89775 , 9.62191 , 3.20613]
       - orientation : [-0.263762 , 0.908145 , -0.314817 , -0.081199]
  RingCirclePositionError : 0
  position_error : 5.77553
  orientation_error : 2.97902
  found_in_gazebo : 1

 ErrorResults 
  stamp : 2025-11-29T12:18:15Z
  target_type : arrow
  model_name : arrow
  pose : 
       - position : [1.93467 , 9.80911 , 3.26609]
       - orientation : [-0.264959 , 0.903826 , -0.326698 , -0.0785117]
  RingCirclePositionError : 0
  position_error : 5.57554
  orientation_error : 2.98441
  found_in_gazebo : 1

 ErrorResults 
  stamp : 2025-11-29T12:18:15Z
  target_type : arrow
  model_name : arrow
  pose : 
       - position : [1.91802 , 9.72521 , 3.23374]
       - orientation : [-0.263014 , 0.902082 , -0.332494 , -0.0807462]
  RingCirclePositionError : 0
  position_error : 5.66689
  orientation_error : 2.97992
  found_in_gazebo : 1

 ErrorResults 
  stamp : 2025-11-29T12:18:16Z
  target_type : arrow
  model_name : arrow
  pose : 
       - position : [1.94666 , 9.89401 , 3.29398]
       - orientation : [-0.262799 , 0.892491 , -0.358391 , -0.0771524]
  RingCirclePositionError : 0
  position_error : 5.48554
  orientation_error : 2.98713
  found_in_gazebo : 1

 ErrorResults 
  stamp : 2025-11-29T12:18:17Z
  target_type : arrow
  model_name : arrow
  pose : 
       - position : [1.94342 , 9.81738 , 3.25981]
       - orientation : [0.924076 , -0.0338433 , 0.206097 , -0.320097]
  RingCirclePositionError : 0
  position_error : 5.56814
  orientation_error : 2.48993
  found_in_gazebo : 1

 ErrorResults 
  stamp : 2025-11-29T12:18:17Z
  target_type : arrow
  model_name : arrow
  pose : 
       - position : [3.27025 , 16.4368 , 5.40459]
       - orientation : [0.568995 , -0.379975 , 0.704477 , -0.188616]
  RingCirclePositionError : 0
  position_error : 1.51693
  orientation_error : 2.76209
  found_in_gazebo : 1

 ErrorResults 
  stamp : 2025-11-29T12:18:17Z
  target_type : arrow
  model_name : arrow
  pose : 
       - position : [1.92779 , 9.77726 , 3.25689]
       - orientation : [-0.254256 , 0.882645 , -0.387083 , -0.0803614]
  RingCirclePositionError : 0
  position_error : 5.60937
  orientation_error : 2.9807
  found_in_gazebo : 1

 ErrorResults 
  stamp : 2025-11-29T12:18:18Z
  target_type : arrow
  model_name : arrow
  pose : 
       - position : [1.93762 , 9.83854 , 3.27706]
       - orientation : [-0.251031 , 0.877834 , -0.399986 , -0.0800116]
  RingCirclePositionError : 0
  position_error : 5.54417
  orientation_error : 2.9814
  found_in_gazebo : 1

 ErrorResults 
  stamp : 2025-11-29T12:18:18Z
  target_type : arrow
  model_name : arrow
  pose : 
       - position : [1.91647 , 9.73246 , 3.2371]
       - orientation : [-0.245946 , 0.872382 , -0.414921 , -0.0793777]
  RingCirclePositionError : 0
  position_error : 5.65941
  orientation_error : 2.98267
  found_in_gazebo : 1

 ErrorResults 
  stamp : 2025-11-29T12:18:19Z
  target_type : arrow
  model_name : arrow
  pose : 
       - position : [1.9073 , 9.68619 , 3.22395]
       - orientation : [-0.247103 , 0.870727 , -0.417345 , -0.0812282]
  RingCirclePositionError : 0
  position_error : 5.70832
  orientation_error : 2.97896
  found_in_gazebo : 1

 ErrorResults 
  stamp : 2025-11-29T12:18:19Z
  target_type : arrow
  model_name : arrow
  pose : 
       - position : [1.94204 , 9.80619 , 3.25223]
       - orientation : [0.892753 , -0.0405382 , 0.220915 , -0.39057]
  RingCirclePositionError : 0
  position_error : 5.58119
  orientation_error : 2.33909
  found_in_gazebo : 1

 ErrorResults 
  stamp : 2025-11-29T12:18:20Z
  target_type : arrow
  model_name : arrow
  pose : 
       - position : [1.94204 , 9.80619 , 3.25223]
       - orientation : [0.892753 , -0.0405382 , 0.220915 , -0.39057]
  RingCirclePositionError : 0
  position_error : 5.58119
  orientation_error : 2.33909
  found_in_gazebo : 1

 ErrorResults 
  stamp : 2025-11-29T12:18:20Z
  target_type : arrow
  model_name : arrow
  pose : 
       - position : [1.90857 , 9.70399 , 3.22941]
       - orientation : [-0.238659 , 0.862056 , -0.439505 , -0.0820753]
  RingCirclePositionError : 0
  position_error : 5.68981
  orientation_error : 2.97726
  found_in_gazebo : 1

 ErrorResults 
  stamp : 2025-11-29T12:18:21Z
  target_type : arrow
  model_name : arrow
  pose : 
       - position : [1.85976 , 9.35695 , 3.0888]
       - orientation : [-0.295758 , 0.949771 , -0.056841 , -0.0850375]
  RingCirclePositionError : 0
  position_error : 6.06604
  orientation_error : 2.97131
  found_in_gazebo : 1

 ErrorResults 
  stamp : 2025-11-29T12:18:21Z
  target_type : arrow
  model_name : arrow
  pose : 
       - position : [1.85976 , 9.35695 , 3.0888]
       - orientation : [-0.295758 , 0.949771 , -0.056841 , -0.0850375]
  RingCirclePositionError : 0
  position_error : 6.06604
  orientation_error : 2.97131
  found_in_gazebo : 1

 ErrorResults 
  stamp : 2025-11-29T12:18:21Z
  target_type : arrow
  model_name : arrow
  pose : 
       - position : [1.91058 , 9.72717 , 3.23452]
       - orientation : [-0.235622 , 0.847025 , -0.470123 , -0.0775522]
  RingCirclePositionError : 0
  position_error : 5.66626
  orientation_error : 2.98633
  found_in_gazebo : 1

 ErrorResults 
  stamp : 2025-11-29T12:18:22Z
  target_type : arrow
  model_name : arrow
  pose : 
       - position : [1.84658 , 9.26106 , 3.055]
       - orientation : [-0.291216 , 0.950062 , -0.073825 , -0.0844099]
  RingCirclePositionError : 0
  position_error : 6.16838
  orientation_error : 2.97257
  found_in_gazebo : 1

 ErrorResults 
  stamp : 2025-11-29T12:18:22Z
  target_type : arrow
  model_name : arrow
  pose : 
       - position : [1.85449 , 9.31255 , 3.07409]
       - orientation : [-0.293778 , 0.948563 , -0.0855347 , -0.0812787]
  RingCirclePositionError : 0
  position_error : 6.11297
  orientation_error : 2.97886
  found_in_gazebo : 1

 ErrorResults 
  stamp : 2025-11-29T12:18:23Z
  target_type : arrow
  model_name : arrow
  pose : 
       - position : [1.89948 , 9.66081 , 3.20978]
       - orientation : [-0.228715 , 0.825875 , -0.509086 , -0.0803209]
  RingCirclePositionError : 0
  position_error : 5.73786
  orientation_error : 2.98078
  found_in_gazebo : 1

 ErrorResults 
  stamp : 2025-11-29T12:18:23Z
  target_type : arrow
  model_name : arrow
  pose : 
       - position : [1.90159 , 9.67136 , 3.21083]
       - orientation : [-0.222552 , 0.82306 , -0.516478 , -0.0793285]
  RingCirclePositionError : 0
  position_error : 5.72731
  orientation_error : 2.98277
  found_in_gazebo : 1

 ErrorResults 
  stamp : 2025-11-29T12:18:24Z
  target_type : arrow
  model_name : arrow
  pose : 
       - position : [1.90704 , 9.64551 , 3.19735]
       - orientation : [0.848948 , -0.051259 , 0.238424 , -0.468844]
  RingCirclePositionError : 0
  position_error : 5.75454
  orientation_error : 2.16563
  found_in_gazebo : 1

 ErrorResults 
  stamp : 2025-11-29T12:18:24Z
  target_type : arrow
  model_name : arrow
  pose : 
       - position : [1.88835 , 9.48498 , 3.13055]
       - orientation : [-0.290188 , 0.945148 , -0.124306 , -0.083875]
  RingCirclePositionError : 0
  position_error : 5.92841
  orientation_error : 2.97365
  found_in_gazebo : 1

 ErrorResults 
  stamp : 2025-11-29T12:18:24Z
  target_type : arrow
  model_name : arrow
  pose : 
       - position : [1.90771 , 9.64863 , 3.19437]
       - orientation : [0.839777 , -0.0482646 , 0.241594 , -0.483816]
  RingCirclePositionError : 0
  position_error : 5.75244
  orientation_error : 2.13157
  found_in_gazebo : 1

 ErrorResults 
  stamp : 2025-11-29T12:18:25Z
  target_type : arrow
  model_name : arrow
  pose : 
       - position : [1.86556 , 9.35285 , 3.08472]
       - orientation : [-0.285398 , 0.942202 , -0.155677 , -0.0810441]
  RingCirclePositionError : 0
  position_error : 6.07005
  orientation_error : 2.97933
  found_in_gazebo : 1

 ErrorResults 
  stamp : 2025-11-29T12:18:25Z
  target_type : arrow
  model_name : arrow
  pose : 
       - position : [1.855 , 9.30048 , 3.06524]
       - orientation : [-0.281588 , 0.941335 , -0.165863 , -0.0841769]
  RingCirclePositionError : 0
  position_error : 6.1269
  orientation_error : 2.97304
  found_in_gazebo : 1

 ErrorResults 
  stamp : 2025-11-29T12:18:26Z
  target_type : arrow
  model_name : arrow
  pose : 
       - position : [1.88791 , 9.54609 , 3.16505]
       - orientation : [0.815288 , -0.0532133 , 0.24624 , -0.521382]
  RingCirclePositionError : 0
  position_error : 5.8608
  orientation_error : 2.04465
  found_in_gazebo : 1

 ErrorResults 
  stamp : 2025-11-29T12:18:26Z
  target_type : arrow
  model_name : arrow
  pose : 
       - position : [1.87878 , 9.38475 , 3.08329]
       - orientation : [0.976388 , -0.0106038 , 0.154787 , -0.150316]
  RingCirclePositionError : 0
  position_error : 6.03837
  orientation_error : 2.83982
  found_in_gazebo : 1

 ErrorResults 
  stamp : 2025-11-29T12:18:27Z
  target_type : arrow
  model_name : arrow
  pose : 
       - position : [1.91541 , 9.68424 , 3.21134]
       - orientation : [0.802269 , -0.0561942 , 0.254128 , -0.537238]
  RingCirclePositionError : 0
  position_error : 5.71252
  orientation_error : 2.00727
  found_in_gazebo : 1

 ErrorResults 
  stamp : 2025-11-29T12:18:27Z
  target_type : arrow
  model_name : arrow
  pose : 
       - position : [1.88023 , 9.4301 , 3.11169]
       - orientation : [-0.278154 , 0.9324 , -0.214617 , -0.0848582]
  RingCirclePositionError : 0
  position_error : 5.98693
  orientation_error : 2.97167
  found_in_gazebo : 1

 ErrorResults 
  stamp : 2025-11-29T12:18:28Z
  target_type : arrow
  model_name : arrow
  pose : 
       - position : [1.88943 , 9.47708 , 3.12488]
       - orientation : [-0.276624 , 0.929801 , -0.22783 , -0.0839269]
  RingCirclePositionError : 0
  position_error : 5.93735
  orientation_error : 2.97354
  found_in_gazebo : 1

 ErrorResults 
  stamp : 2025-11-29T12:18:28Z
  target_type : arrow
  model_name : arrow
  pose : 
       - position : [1.90973 , 9.57936 , 3.16076]
       - orientation : [-0.280853 , 0.927027 , -0.234755 , -0.0814431]
  RingCirclePositionError : 0
  position_error : 5.82707
  orientation_error : 2.97853
  found_in_gazebo : 1

 ErrorResults 
  stamp : 2025-11-29T12:18:28Z
  target_type : arrow
  model_name : arrow
  pose : 
       - position : [1.921 , 9.59188 , 3.15171]
       - orientation : [0.964502 , -0.0185687 , 0.172518 , -0.199068]
  RingCirclePositionError : 0
  position_error : 5.8162
  orientation_error : 2.74078
  found_in_gazebo : 1

 ErrorResults 
  stamp : 2025-11-29T12:18:29Z
  target_type : arrow
  model_name : arrow
  pose : 
       - position : [1.88714 , 9.46792 , 3.12354]
       - orientation : [-0.269714 , 0.922323 , -0.263376 , -0.0849046]
  RingCirclePositionError : 0
  position_error : 5.94672
  orientation_error : 2.97158
  found_in_gazebo : 1

 ErrorResults 
  stamp : 2025-11-29T12:18:29Z
  target_type : arrow
  model_name : arrow
  pose : 
       - position : [1.9096 , 9.5339 , 3.1327]
       - orientation : [0.958743 , -0.0188901 , 0.176743 , -0.221851]
  RingCirclePositionError : 0
  position_error : 5.87827
  orientation_error : 2.69417
  found_in_gazebo : 1

 ErrorResults 
  stamp : 2025-11-29T12:18:30Z
  target_type : arrow
  model_name : arrow
  pose : 
       - position : [1.88904 , 9.44703 , 3.11635]
       - orientation : [-0.265046 , 0.916438 , -0.287482 , -0.0851233]
  RingCirclePositionError : 0
  position_error : 5.96807
  orientation_error : 2.97114
  found_in_gazebo : 1

 ErrorResults 
  stamp : 2025-11-29T12:18:30Z
  target_type : arrow
  model_name : arrow
  pose : 
       - position : [1.92359 , 9.63032 , 3.1767]
       - orientation : [-0.267972 , 0.913651 , -0.293992 , -0.0836769]
  RingCirclePositionError : 0
  position_error : 5.77204
  orientation_error : 2.97404
  found_in_gazebo : 1

 ErrorResults 
  stamp : 2025-11-29T12:18:31Z
  target_type : arrow
  model_name : arrow
  pose : 
       - position : [1.91734 , 9.60014 , 3.16218]
       - orientation : [-0.263298 , 0.909719 , -0.31008 , -0.0832821]
  RingCirclePositionError : 0
  position_error : 5.80588
  orientation_error : 2.97484
  found_in_gazebo : 1

 ErrorResults 
  stamp : 2025-11-29T12:18:31Z
  target_type : arrow
  model_name : arrow
  pose : 
       - position : [1.92507 , 9.63958 , 3.17944]
       - orientation : [-0.264602 , 0.905841 , -0.320537 , -0.0818195]
  RingCirclePositionError : 0
  position_error : 5.76229
  orientation_error : 2.97777
  found_in_gazebo : 1

 ErrorResults 
  stamp : 2025-11-29T12:18:31Z
  target_type : arrow
  model_name : arrow
  pose : 
       - position : [1.92325 , 9.57618 , 3.149]
       - orientation : [0.938242 , -0.027882 , 0.194148 , -0.285009]
  RingCirclePositionError : 0
  position_error : 5.83124
  orientation_error : 2.56356
  found_in_gazebo : 1

